2025-08-06 12:18:08,783 - INFO - Processus de l'interface web démarré pour <Process name='Process-1' pid=3784 parent=3782 started>
2025-08-06 12:18:08,783 - INFO - Processus périodique démarré pour <Process name='Process-2' pid=3785 parent=3782 started>
2025-08-06 12:18:08,809 - INFO - Démarrage du script : python /Users/hala/Downloads/scripts/home/ubuntu/cmc-anomaly-detection/scripts/new_dash.py
2025-08-06 12:18:08,810 - INFO - Processus périodique démarré pour <Process name='Process-2:1' pid=3787 parent=3785 started>
2025-08-06 12:18:08,811 - INFO - Processus périodique démarré pour <Process name='Process-2:2' pid=3788 parent=3785 started>
2025-08-06 12:18:08,835 - INFO - Démarrage du script : python /Users/hala/Downloads/scripts/home/ubuntu/cmc-anomaly-detection/scripts/generate_logs.py --append
2025-08-06 12:18:08,835 - INFO - Démarrage du script : python /Users/hala/Downloads/scripts/home/ubuntu/cmc-anomaly-detection/scripts/detect_anomalies.py
2025-08-06 12:18:09,140 - INFO - Attente de 10 minutes avant la prochaine exécution des scripts périodiques.
2025-08-06 12:28:09,170 - INFO - Processus périodique démarré pour <Process name='Process-2:3' pid=5346 parent=3785 started>
2025-08-06 12:28:09,173 - INFO - Processus périodique démarré pour <Process name='Process-2:4' pid=5347 parent=3785 started>
2025-08-06 12:28:09,231 - INFO - Démarrage du script : python /Users/hala/Downloads/scripts/home/ubuntu/cmc-anomaly-detection/scripts/generate_logs.py --append
2025-08-06 12:28:09,231 - INFO - Démarrage du script : python /Users/hala/Downloads/scripts/home/ubuntu/cmc-anomaly-detection/scripts/detect_anomalies.py
2025-08-06 12:28:09,528 - INFO - Attente de 10 minutes avant la prochaine exécution des scripts périodiques.
2025-08-06 12:38:09,542 - INFO - Processus périodique démarré pour <Process name='Process-2:5' pid=5409 parent=3785 started>
2025-08-06 12:38:09,544 - INFO - Processus périodique démarré pour <Process name='Process-2:6' pid=5410 parent=3785 started>
2025-08-06 12:38:09,590 - INFO - Démarrage du script : python /Users/hala/Downloads/scripts/home/ubuntu/cmc-anomaly-detection/scripts/generate_logs.py --append
2025-08-06 12:38:09,590 - INFO - Démarrage du script : python /Users/hala/Downloads/scripts/home/ubuntu/cmc-anomaly-detection/scripts/detect_anomalies.py
2025-08-06 12:38:09,827 - INFO - Attente de 10 minutes avant la prochaine exécution des scripts périodiques.
2025-08-06 12:47:19,227 - INFO - Arrêt demandé par l'utilisateur.
2025-08-06 12:47:19,228 - INFO - Tous les processus ont été arrêtés.
2025-08-06 13:05:05,698 - INFO - Processus de l'interface web démarré pour <Process name='Process-1' pid=5520 parent=5518 started>
2025-08-06 13:05:05,699 - INFO - Processus périodique démarré pour <Process name='Process-2' pid=5521 parent=5518 started>
2025-08-06 13:05:05,724 - INFO - Démarrage du script : python /Users/hala/Downloads/scripts/home/ubuntu/cmc-anomaly-detection/scripts/new_dash.py
2025-08-06 13:05:05,725 - INFO - Processus périodique démarré pour <Process name='Process-2:1' pid=5523 parent=5521 started>
2025-08-06 13:05:05,726 - INFO - Processus périodique démarré pour <Process name='Process-2:2' pid=5524 parent=5521 started>
2025-08-06 13:05:05,750 - INFO - Démarrage du script : python /Users/hala/Downloads/scripts/home/ubuntu/cmc-anomaly-detection/scripts/detect_anomalies.py
2025-08-06 13:05:05,750 - INFO - Démarrage du script : python /Users/hala/Downloads/scripts/home/ubuntu/cmc-anomaly-detection/scripts/generate_logs.py --append
2025-08-06 13:05:06,166 - INFO - Attente de 10 minutes avant la prochaine exécution des scripts périodiques.
2025-08-06 13:15:06,181 - INFO - Processus périodique démarré pour <Process name='Process-2:3' pid=5617 parent=5521 started>
2025-08-06 13:15:06,184 - INFO - Processus périodique démarré pour <Process name='Process-2:4' pid=5618 parent=5521 started>
2025-08-06 13:15:06,241 - INFO - Démarrage du script : python /Users/hala/Downloads/scripts/home/ubuntu/cmc-anomaly-detection/scripts/generate_logs.py --append
2025-08-06 13:15:06,241 - INFO - Démarrage du script : python /Users/hala/Downloads/scripts/home/ubuntu/cmc-anomaly-detection/scripts/detect_anomalies.py
2025-08-06 13:15:06,540 - INFO - Attente de 10 minutes avant la prochaine exécution des scripts périodiques.
2025-08-06 13:25:06,555 - INFO - Processus périodique démarré pour <Process name='Process-2:5' pid=5644 parent=5521 started>
2025-08-06 13:25:06,558 - INFO - Processus périodique démarré pour <Process name='Process-2:6' pid=5645 parent=5521 started>
2025-08-06 13:25:06,607 - INFO - Démarrage du script : python /Users/hala/Downloads/scripts/home/ubuntu/cmc-anomaly-detection/scripts/generate_logs.py --append
2025-08-06 13:25:06,607 - INFO - Démarrage du script : python /Users/hala/Downloads/scripts/home/ubuntu/cmc-anomaly-detection/scripts/detect_anomalies.py
2025-08-06 13:25:06,898 - INFO - Attente de 10 minutes avant la prochaine exécution des scripts périodiques.
2025-08-06 13:37:23,957 - INFO - Processus périodique démarré pour <Process name='Process-2:7' pid=5701 parent=5521 started>
2025-08-06 13:37:23,960 - INFO - Processus périodique démarré pour <Process name='Process-2:8' pid=5702 parent=5521 started>
2025-08-06 13:37:24,015 - INFO - Démarrage du script : python /Users/hala/Downloads/scripts/home/ubuntu/cmc-anomaly-detection/scripts/generate_logs.py --append
2025-08-06 13:37:24,015 - INFO - Démarrage du script : python /Users/hala/Downloads/scripts/home/ubuntu/cmc-anomaly-detection/scripts/detect_anomalies.py
2025-08-06 13:37:24,328 - INFO - Attente de 10 minutes avant la prochaine exécution des scripts périodiques.
2025-08-06 14:33:30,856 - INFO - Processus périodique démarré pour <Process name='Process-2:9' pid=5797 parent=5521 started>
2025-08-06 14:33:30,860 - INFO - Processus périodique démarré pour <Process name='Process-2:10' pid=5798 parent=5521 started>
2025-08-06 14:33:30,924 - INFO - Démarrage du script : python /Users/hala/Downloads/scripts/home/ubuntu/cmc-anomaly-detection/scripts/generate_logs.py --append
2025-08-06 14:33:30,924 - INFO - Démarrage du script : python /Users/hala/Downloads/scripts/home/ubuntu/cmc-anomaly-detection/scripts/detect_anomalies.py
2025-08-06 14:33:31,253 - INFO - Attente de 10 minutes avant la prochaine exécution des scripts périodiques.
2025-08-06 14:43:31,303 - INFO - Processus périodique démarré pour <Process name='Process-2:11' pid=5822 parent=5521 started>
2025-08-06 14:43:31,308 - INFO - Processus périodique démarré pour <Process name='Process-2:12' pid=5823 parent=5521 started>
2025-08-06 14:43:31,363 - INFO - Démarrage du script : python /Users/hala/Downloads/scripts/home/ubuntu/cmc-anomaly-detection/scripts/detect_anomalies.py
2025-08-06 14:43:31,363 - INFO - Démarrage du script : python /Users/hala/Downloads/scripts/home/ubuntu/cmc-anomaly-detection/scripts/generate_logs.py --append
2025-08-06 14:43:31,654 - INFO - Attente de 10 minutes avant la prochaine exécution des scripts périodiques.
2025-08-06 14:53:31,665 - INFO - Processus périodique démarré pour <Process name='Process-2:13' pid=5847 parent=5521 started>
2025-08-06 14:53:31,668 - INFO - Processus périodique démarré pour <Process name='Process-2:14' pid=5848 parent=5521 started>
2025-08-06 14:53:31,712 - INFO - Démarrage du script : python /Users/hala/Downloads/scripts/home/ubuntu/cmc-anomaly-detection/scripts/detect_anomalies.py
2025-08-06 14:53:31,712 - INFO - Démarrage du script : python /Users/hala/Downloads/scripts/home/ubuntu/cmc-anomaly-detection/scripts/generate_logs.py --append
2025-08-06 14:53:31,940 - INFO - Attente de 10 minutes avant la prochaine exécution des scripts périodiques.
2025-08-06 15:03:31,941 - INFO - Processus périodique démarré pour <Process name='Process-2:15' pid=5880 parent=5521 started>
2025-08-06 15:03:31,943 - INFO - Processus périodique démarré pour <Process name='Process-2:16' pid=5881 parent=5521 started>
2025-08-06 15:03:31,989 - INFO - Démarrage du script : python /Users/hala/Downloads/scripts/home/ubuntu/cmc-anomaly-detection/scripts/detect_anomalies.py
2025-08-06 15:03:31,989 - INFO - Démarrage du script : python /Users/hala/Downloads/scripts/home/ubuntu/cmc-anomaly-detection/scripts/generate_logs.py --append
2025-08-06 15:03:32,223 - INFO - Attente de 10 minutes avant la prochaine exécution des scripts périodiques.
2025-08-06 15:13:32,236 - INFO - Processus périodique démarré pour <Process name='Process-2:17' pid=5918 parent=5521 started>
2025-08-06 15:13:32,238 - INFO - Processus périodique démarré pour <Process name='Process-2:18' pid=5919 parent=5521 started>
2025-08-06 15:13:32,284 - INFO - Démarrage du script : python /Users/hala/Downloads/scripts/home/ubuntu/cmc-anomaly-detection/scripts/generate_logs.py --append
2025-08-06 15:13:32,284 - INFO - Démarrage du script : python /Users/hala/Downloads/scripts/home/ubuntu/cmc-anomaly-detection/scripts/detect_anomalies.py
2025-08-06 15:13:32,515 - INFO - Attente de 10 minutes avant la prochaine exécution des scripts périodiques.
2025-08-06 15:23:32,543 - INFO - Processus périodique démarré pour <Process name='Process-2:19' pid=5980 parent=5521 started>
2025-08-06 15:23:32,547 - INFO - Processus périodique démarré pour <Process name='Process-2:20' pid=5981 parent=5521 started>
2025-08-06 15:23:32,605 - INFO - Démarrage du script : python /Users/hala/Downloads/scripts/home/ubuntu/cmc-anomaly-detection/scripts/generate_logs.py --append
2025-08-06 15:23:32,605 - INFO - Démarrage du script : python /Users/hala/Downloads/scripts/home/ubuntu/cmc-anomaly-detection/scripts/detect_anomalies.py
2025-08-06 15:23:32,900 - INFO - Attente de 10 minutes avant la prochaine exécution des scripts périodiques.
2025-08-06 15:33:32,884 - INFO - Processus périodique démarré pour <Process name='Process-2:21' pid=6020 parent=5521 started>
2025-08-06 15:33:32,887 - INFO - Processus périodique démarré pour <Process name='Process-2:22' pid=6021 parent=5521 started>
2025-08-06 15:33:32,943 - INFO - Démarrage du script : python /Users/hala/Downloads/scripts/home/ubuntu/cmc-anomaly-detection/scripts/detect_anomalies.py
2025-08-06 15:33:32,943 - INFO - Démarrage du script : python /Users/hala/Downloads/scripts/home/ubuntu/cmc-anomaly-detection/scripts/generate_logs.py --append
2025-08-06 15:33:33,236 - INFO - Attente de 10 minutes avant la prochaine exécution des scripts périodiques.
2025-08-06 15:43:33,245 - INFO - Processus périodique démarré pour <Process name='Process-2:23' pid=6055 parent=5521 started>
2025-08-06 15:43:33,250 - INFO - Processus périodique démarré pour <Process name='Process-2:24' pid=6056 parent=5521 started>
2025-08-06 15:43:33,306 - INFO - Démarrage du script : python /Users/hala/Downloads/scripts/home/ubuntu/cmc-anomaly-detection/scripts/generate_logs.py --append
2025-08-06 15:43:33,306 - INFO - Démarrage du script : python /Users/hala/Downloads/scripts/home/ubuntu/cmc-anomaly-detection/scripts/detect_anomalies.py
2025-08-06 15:43:33,604 - INFO - Attente de 10 minutes avant la prochaine exécution des scripts périodiques.
2025-08-06 15:53:33,620 - INFO - Processus périodique démarré pour <Process name='Process-2:25' pid=6088 parent=5521 started>
2025-08-06 15:53:33,624 - INFO - Processus périodique démarré pour <Process name='Process-2:26' pid=6089 parent=5521 started>
2025-08-06 15:53:33,678 - INFO - Démarrage du script : python /Users/hala/Downloads/scripts/home/ubuntu/cmc-anomaly-detection/scripts/detect_anomalies.py
2025-08-06 15:53:33,678 - INFO - Démarrage du script : python /Users/hala/Downloads/scripts/home/ubuntu/cmc-anomaly-detection/scripts/generate_logs.py --append
2025-08-06 15:53:34,014 - INFO - Attente de 10 minutes avant la prochaine exécution des scripts périodiques.
2025-08-06 16:03:34,024 - INFO - Processus périodique démarré pour <Process name='Process-2:27' pid=6161 parent=5521 started>
2025-08-06 16:03:34,027 - INFO - Processus périodique démarré pour <Process name='Process-2:28' pid=6162 parent=5521 started>
2025-08-06 16:03:34,087 - INFO - Démarrage du script : python /Users/hala/Downloads/scripts/home/ubuntu/cmc-anomaly-detection/scripts/generate_logs.py --append
2025-08-06 16:03:34,087 - INFO - Démarrage du script : python /Users/hala/Downloads/scripts/home/ubuntu/cmc-anomaly-detection/scripts/detect_anomalies.py
2025-08-06 16:03:34,423 - INFO - Attente de 10 minutes avant la prochaine exécution des scripts périodiques.
2025-08-06 16:13:34,459 - INFO - Processus périodique démarré pour <Process name='Process-2:29' pid=6193 parent=5521 started>
2025-08-06 16:13:34,461 - INFO - Processus périodique démarré pour <Process name='Process-2:30' pid=6194 parent=5521 started>
2025-08-06 16:13:34,520 - INFO - Démarrage du script : python /Users/hala/Downloads/scripts/home/ubuntu/cmc-anomaly-detection/scripts/detect_anomalies.py
2025-08-06 16:13:34,520 - INFO - Démarrage du script : python /Users/hala/Downloads/scripts/home/ubuntu/cmc-anomaly-detection/scripts/generate_logs.py --append
2025-08-06 16:13:34,848 - INFO - Attente de 10 minutes avant la prochaine exécution des scripts périodiques.
2025-08-06 16:23:34,880 - INFO - Processus périodique démarré pour <Process name='Process-2:31' pid=6248 parent=5521 started>
2025-08-06 16:23:34,884 - INFO - Processus périodique démarré pour <Process name='Process-2:32' pid=6249 parent=5521 started>
2025-08-06 16:23:34,936 - INFO - Démarrage du script : python /Users/hala/Downloads/scripts/home/ubuntu/cmc-anomaly-detection/scripts/detect_anomalies.py
2025-08-06 16:23:34,936 - INFO - Démarrage du script : python /Users/hala/Downloads/scripts/home/ubuntu/cmc-anomaly-detection/scripts/generate_logs.py --append
2025-08-06 16:23:35,278 - INFO - Attente de 10 minutes avant la prochaine exécution des scripts périodiques.
2025-08-06 16:33:35,294 - INFO - Processus périodique démarré pour <Process name='Process-2:33' pid=6312 parent=5521 started>
2025-08-06 16:33:35,297 - INFO - Processus périodique démarré pour <Process name='Process-2:34' pid=6313 parent=5521 started>
2025-08-06 16:33:35,359 - INFO - Démarrage du script : python /Users/hala/Downloads/scripts/home/ubuntu/cmc-anomaly-detection/scripts/generate_logs.py --append
2025-08-06 16:33:35,359 - INFO - Démarrage du script : python /Users/hala/Downloads/scripts/home/ubuntu/cmc-anomaly-detection/scripts/detect_anomalies.py
2025-08-06 16:33:35,706 - INFO - Attente de 10 minutes avant la prochaine exécution des scripts périodiques.
2025-08-06 16:40:01,265 - INFO - Arrêt demandé par l'utilisateur.
2025-08-06 16:40:01,267 - INFO - Tous les processus ont été arrêtés.
